{"/Users/jamesquinn/Desktop/Futureproof/LAP2/ProjectWeek/habit_tracker/habit_tracker_client/static/js/index.js": {"path":"/Users/jamesquinn/Desktop/Futureproof/LAP2/ProjectWeek/habit_tracker/habit_tracker_client/static/js/index.js","statementMap":{"0":{"start":{"line":1,"column":0},"end":{"line":1,"column":62}},"1":{"start":{"line":3,"column":18},"end":{"line":3,"column":55}},"2":{"start":{"line":4,"column":21},"end":{"line":4,"column":61}},"3":{"start":{"line":8,"column":4},"end":{"line":8,"column":57}},"4":{"start":{"line":9,"column":4},"end":{"line":9,"column":58}},"5":{"start":{"line":10,"column":4},"end":{"line":10,"column":49}},"6":{"start":{"line":12,"column":4},"end":{"line":13,"column":29}},"7":{"start":{"line":13,"column":8},"end":{"line":13,"column":27}},"8":{"start":{"line":14,"column":4},"end":{"line":15,"column":32}},"9":{"start":{"line":15,"column":8},"end":{"line":15,"column":30}},"10":{"start":{"line":18,"column":8},"end":{"line":18,"column":36}},"11":{"start":{"line":19,"column":8},"end":{"line":19,"column":45}},"12":{"start":{"line":20,"column":8},"end":{"line":20,"column":43}},"13":{"start":{"line":21,"column":8},"end":{"line":21,"column":40}},"14":{"start":{"line":24,"column":4},"end":{"line":30,"column":6}},"15":{"start":{"line":25,"column":8},"end":{"line":25,"column":72}},"16":{"start":{"line":26,"column":8},"end":{"line":26,"column":69}},"17":{"start":{"line":27,"column":8},"end":{"line":27,"column":46}},"18":{"start":{"line":28,"column":8},"end":{"line":28,"column":44}},"19":{"start":{"line":29,"column":8},"end":{"line":29,"column":39}},"20":{"start":{"line":35,"column":15},"end":{"line":35,"column":59}},"21":{"start":{"line":36,"column":22},"end":{"line":36,"column":65}},"22":{"start":{"line":37,"column":0},"end":{"line":37,"column":37}},"23":{"start":{"line":38,"column":0},"end":{"line":38,"column":43}},"24":{"start":{"line":41,"column":2},"end":{"line":45,"column":3}},"25":{"start":{"line":42,"column":4},"end":{"line":42,"column":63}},"26":{"start":{"line":44,"column":4},"end":{"line":44,"column":42}},"27":{"start":{"line":49,"column":0},"end":{"line":52,"column":2}},"28":{"start":{"line":50,"column":4},"end":{"line":50,"column":22}},"29":{"start":{"line":51,"column":4},"end":{"line":51,"column":27}},"30":{"start":{"line":54,"column":0},"end":{"line":57,"column":2}},"31":{"start":{"line":55,"column":4},"end":{"line":55,"column":22}},"32":{"start":{"line":56,"column":4},"end":{"line":56,"column":30}},"33":{"start":{"line":60,"column":22},"end":{"line":63,"column":5}},"34":{"start":{"line":65,"column":20},"end":{"line":71,"column":7}},"35":{"start":{"line":72,"column":4},"end":{"line":72,"column":26}},"36":{"start":{"line":74,"column":4},"end":{"line":77,"column":29}},"37":{"start":{"line":75,"column":21},"end":{"line":75,"column":29}},"38":{"start":{"line":81,"column":0},"end":{"line":85,"column":1}}},"fnMap":{"0":{"name":"loginListeners","decl":{"start":{"line":7,"column":9},"end":{"line":7,"column":23}},"loc":{"start":{"line":7,"column":25},"end":{"line":31,"column":1}},"line":7},"1":{"name":"(anonymous_1)","decl":{"start":{"line":12,"column":44},"end":{"line":12,"column":45}},"loc":{"start":{"line":12,"column":47},"end":{"line":13,"column":28}},"line":12},"2":{"name":"(anonymous_2)","decl":{"start":{"line":14,"column":42},"end":{"line":14,"column":43}},"loc":{"start":{"line":14,"column":45},"end":{"line":15,"column":31}},"line":14},"3":{"name":"showForm","decl":{"start":{"line":17,"column":13},"end":{"line":17,"column":21}},"loc":{"start":{"line":17,"column":27},"end":{"line":22,"column":5}},"line":17},"4":{"name":"(anonymous_4)","decl":{"start":{"line":24,"column":38},"end":{"line":24,"column":39}},"loc":{"start":{"line":24,"column":41},"end":{"line":30,"column":5}},"line":24},"5":{"name":"validatePassword","decl":{"start":{"line":40,"column":9},"end":{"line":40,"column":25}},"loc":{"start":{"line":40,"column":27},"end":{"line":46,"column":1}},"line":40},"6":{"name":"(anonymous_6)","decl":{"start":{"line":49,"column":37},"end":{"line":49,"column":38}},"loc":{"start":{"line":49,"column":40},"end":{"line":52,"column":1}},"line":49},"7":{"name":"(anonymous_7)","decl":{"start":{"line":54,"column":40},"end":{"line":54,"column":41}},"loc":{"start":{"line":54,"column":43},"end":{"line":57,"column":1}},"line":54},"8":{"name":"submitLogin","decl":{"start":{"line":59,"column":9},"end":{"line":59,"column":20}},"loc":{"start":{"line":59,"column":29},"end":{"line":79,"column":1}},"line":59},"9":{"name":"(anonymous_9)","decl":{"start":{"line":75,"column":14},"end":{"line":75,"column":15}},"loc":{"start":{"line":75,"column":21},"end":{"line":75,"column":29}},"line":75}},"branchMap":{"0":{"loc":{"start":{"line":41,"column":2},"end":{"line":45,"column":3}},"type":"if","locations":[{"start":{"line":41,"column":2},"end":{"line":45,"column":3}},{"start":{"line":43,"column":9},"end":{"line":45,"column":3}}],"line":41}},"s":{"0":1,"1":1,"2":1,"3":0,"4":0,"5":0,"6":0,"7":0,"8":0,"9":0,"10":0,"11":0,"12":0,"13":0,"14":0,"15":0,"16":0,"17":0,"18":0,"19":0,"20":1,"21":1,"22":1,"23":1,"24":0,"25":0,"26":0,"27":1,"28":0,"29":0,"30":1,"31":0,"32":0,"33":0,"34":0,"35":0,"36":0,"37":0,"38":1},"f":{"0":0,"1":0,"2":0,"3":0,"4":0,"5":0,"6":0,"7":0,"8":0,"9":0},"b":{"0":[0,0]},"_coverageSchema":"1a1c01bbd47fc00a2c39e90264f33305004495a9","hash":"4834ad1f5b2d8b1b3d28e0b777392cbb80e2f761"}
}
