{"/Users/jamesquinn/Desktop/Futureproof/LAP2/ProjectWeek/habit_tracker/habit_tracker_client/static/js/index.js": {"path":"/Users/jamesquinn/Desktop/Futureproof/LAP2/ProjectWeek/habit_tracker/habit_tracker_client/static/js/index.js","statementMap":{"0":{"start":{"line":1,"column":0},"end":{"line":1,"column":62}},"1":{"start":{"line":3,"column":18},"end":{"line":3,"column":55}},"2":{"start":{"line":4,"column":21},"end":{"line":4,"column":61}},"3":{"start":{"line":8,"column":4},"end":{"line":8,"column":58}},"4":{"start":{"line":9,"column":4},"end":{"line":9,"column":59}},"5":{"start":{"line":10,"column":4},"end":{"line":10,"column":50}},"6":{"start":{"line":12,"column":4},"end":{"line":13,"column":30}},"7":{"start":{"line":13,"column":8},"end":{"line":13,"column":27}},"8":{"start":{"line":15,"column":4},"end":{"line":16,"column":33}},"9":{"start":{"line":16,"column":8},"end":{"line":16,"column":30}},"10":{"start":{"line":19,"column":8},"end":{"line":19,"column":36}},"11":{"start":{"line":20,"column":8},"end":{"line":20,"column":45}},"12":{"start":{"line":21,"column":8},"end":{"line":21,"column":43}},"13":{"start":{"line":22,"column":8},"end":{"line":22,"column":40}},"14":{"start":{"line":25,"column":4},"end":{"line":31,"column":6}},"15":{"start":{"line":26,"column":8},"end":{"line":26,"column":72}},"16":{"start":{"line":27,"column":8},"end":{"line":27,"column":69}},"17":{"start":{"line":28,"column":8},"end":{"line":28,"column":46}},"18":{"start":{"line":29,"column":8},"end":{"line":29,"column":44}},"19":{"start":{"line":30,"column":8},"end":{"line":30,"column":39}},"20":{"start":{"line":36,"column":15},"end":{"line":36,"column":59}},"21":{"start":{"line":37,"column":22},"end":{"line":37,"column":65}},"22":{"start":{"line":38,"column":0},"end":{"line":38,"column":37}},"23":{"start":{"line":39,"column":0},"end":{"line":39,"column":43}},"24":{"start":{"line":42,"column":2},"end":{"line":46,"column":3}},"25":{"start":{"line":43,"column":4},"end":{"line":43,"column":63}},"26":{"start":{"line":45,"column":4},"end":{"line":45,"column":42}},"27":{"start":{"line":50,"column":0},"end":{"line":53,"column":2}},"28":{"start":{"line":51,"column":4},"end":{"line":51,"column":22}},"29":{"start":{"line":52,"column":4},"end":{"line":52,"column":27}},"30":{"start":{"line":55,"column":0},"end":{"line":58,"column":2}},"31":{"start":{"line":56,"column":4},"end":{"line":56,"column":22}},"32":{"start":{"line":57,"column":4},"end":{"line":57,"column":30}},"33":{"start":{"line":61,"column":22},"end":{"line":64,"column":5}},"34":{"start":{"line":66,"column":20},"end":{"line":72,"column":7}},"35":{"start":{"line":73,"column":4},"end":{"line":73,"column":26}},"36":{"start":{"line":75,"column":4},"end":{"line":78,"column":29}},"37":{"start":{"line":76,"column":21},"end":{"line":76,"column":29}},"38":{"start":{"line":82,"column":0},"end":{"line":86,"column":1}}},"fnMap":{"0":{"name":"loginListeners","decl":{"start":{"line":7,"column":9},"end":{"line":7,"column":23}},"loc":{"start":{"line":7,"column":25},"end":{"line":32,"column":1}},"line":7},"1":{"name":"(anonymous_1)","decl":{"start":{"line":12,"column":44},"end":{"line":12,"column":45}},"loc":{"start":{"line":12,"column":47},"end":{"line":13,"column":28}},"line":12},"2":{"name":"(anonymous_2)","decl":{"start":{"line":15,"column":42},"end":{"line":15,"column":43}},"loc":{"start":{"line":15,"column":45},"end":{"line":16,"column":31}},"line":15},"3":{"name":"showForm","decl":{"start":{"line":18,"column":13},"end":{"line":18,"column":21}},"loc":{"start":{"line":18,"column":27},"end":{"line":23,"column":5}},"line":18},"4":{"name":"(anonymous_4)","decl":{"start":{"line":25,"column":38},"end":{"line":25,"column":39}},"loc":{"start":{"line":25,"column":41},"end":{"line":31,"column":5}},"line":25},"5":{"name":"validatePassword","decl":{"start":{"line":41,"column":9},"end":{"line":41,"column":25}},"loc":{"start":{"line":41,"column":27},"end":{"line":47,"column":1}},"line":41},"6":{"name":"(anonymous_6)","decl":{"start":{"line":50,"column":37},"end":{"line":50,"column":38}},"loc":{"start":{"line":50,"column":40},"end":{"line":53,"column":1}},"line":50},"7":{"name":"(anonymous_7)","decl":{"start":{"line":55,"column":40},"end":{"line":55,"column":41}},"loc":{"start":{"line":55,"column":43},"end":{"line":58,"column":1}},"line":55},"8":{"name":"submitLogin","decl":{"start":{"line":60,"column":9},"end":{"line":60,"column":20}},"loc":{"start":{"line":60,"column":29},"end":{"line":80,"column":1}},"line":60},"9":{"name":"(anonymous_9)","decl":{"start":{"line":76,"column":14},"end":{"line":76,"column":15}},"loc":{"start":{"line":76,"column":21},"end":{"line":76,"column":29}},"line":76}},"branchMap":{"0":{"loc":{"start":{"line":42,"column":2},"end":{"line":46,"column":3}},"type":"if","locations":[{"start":{"line":42,"column":2},"end":{"line":46,"column":3}},{"start":{"line":44,"column":9},"end":{"line":46,"column":3}}],"line":42}},"s":{"0":1,"1":1,"2":1,"3":0,"4":0,"5":0,"6":0,"7":0,"8":0,"9":0,"10":0,"11":0,"12":0,"13":0,"14":0,"15":0,"16":0,"17":0,"18":0,"19":0,"20":1,"21":1,"22":1,"23":1,"24":0,"25":0,"26":0,"27":1,"28":0,"29":0,"30":1,"31":0,"32":0,"33":0,"34":0,"35":0,"36":0,"37":0,"38":1},"f":{"0":0,"1":0,"2":0,"3":0,"4":0,"5":0,"6":0,"7":0,"8":0,"9":0},"b":{"0":[0,0]},"_coverageSchema":"1a1c01bbd47fc00a2c39e90264f33305004495a9","hash":"5c68c4808f6885c245cce9d3667d0b7c5cdf51d1"}
}
