TN:
SF:static/js/index.js
FN:7,loginListeners
FN:12,(anonymous_1)
FN:14,(anonymous_2)
FN:17,showForm
FN:24,(anonymous_4)
FN:40,validatePassword
FN:49,(anonymous_6)
FN:54,(anonymous_7)
FN:59,submitLogin
FN:75,(anonymous_9)
FNF:10
FNH:0
FNDA:0,loginListeners
FNDA:0,(anonymous_1)
FNDA:0,(anonymous_2)
FNDA:0,showForm
FNDA:0,(anonymous_4)
FNDA:0,validatePassword
FNDA:0,(anonymous_6)
FNDA:0,(anonymous_7)
FNDA:0,submitLogin
FNDA:0,(anonymous_9)
DA:1,1
DA:3,1
DA:4,1
DA:8,0
DA:9,0
DA:10,0
DA:12,0
DA:13,0
DA:14,0
DA:15,0
DA:18,0
DA:19,0
DA:20,0
DA:21,0
DA:24,0
DA:25,0
DA:26,0
DA:27,0
DA:28,0
DA:29,0
DA:35,1
DA:36,1
DA:37,1
DA:38,1
DA:41,0
DA:42,0
DA:44,0
DA:49,1
DA:50,0
DA:51,0
DA:54,1
DA:55,0
DA:56,0
DA:60,0
DA:65,0
DA:72,0
DA:74,0
DA:75,0
DA:81,1
LF:39
LH:10
BRDA:41,0,0,0
BRDA:41,0,1,0
BRF:2
BRH:0
end_of_record
