TN:
SF:static/js/index.js
FN:7,loginListeners
FN:12,(anonymous_1)
FN:15,(anonymous_2)
FN:18,showForm
FN:25,(anonymous_4)
FN:41,validatePassword
FN:50,(anonymous_6)
FN:55,(anonymous_7)
FN:60,submitLogin
FN:76,(anonymous_9)
FNF:10
FNH:0
FNDA:0,loginListeners
FNDA:0,(anonymous_1)
FNDA:0,(anonymous_2)
FNDA:0,showForm
FNDA:0,(anonymous_4)
FNDA:0,validatePassword
FNDA:0,(anonymous_6)
FNDA:0,(anonymous_7)
FNDA:0,submitLogin
FNDA:0,(anonymous_9)
DA:1,1
DA:3,1
DA:4,1
DA:8,0
DA:9,0
DA:10,0
DA:12,0
DA:13,0
DA:15,0
DA:16,0
DA:19,0
DA:20,0
DA:21,0
DA:22,0
DA:25,0
DA:26,0
DA:27,0
DA:28,0
DA:29,0
DA:30,0
DA:36,1
DA:37,1
DA:38,1
DA:39,1
DA:42,0
DA:43,0
DA:45,0
DA:50,1
DA:51,0
DA:52,0
DA:55,1
DA:56,0
DA:57,0
DA:61,0
DA:66,0
DA:73,0
DA:75,0
DA:76,0
DA:82,1
LF:39
LH:10
BRDA:42,0,0,0
BRDA:42,0,1,0
BRF:2
BRH:0
end_of_record
